<?xml version="1.0" encoding="UTF-8"?>
<testsuite name="io.appcheck.app.ExampleUnitTest" tests="1" skipped="0" failures="0" errors="0" timestamp="2024-04-03T03:39:06" hostname="Admins-MacBook-Air-7.local" time="0.029">
  <properties/>
  <testcase name="addition_isCorrect" classname="io.appcheck.app.ExampleUnitTest" time="0.029"/>
  <system-out><![CDATA[]]></system-out>
  <system-err><![CDATA[]]></system-err>
</testsuite>
